<?xml version="1.0" encoding="UTF-8"?>
<coverage generated="1723636202114" clover="3.2.0">
  <project timestamp="1723636202114" name="All files">
    <metrics statements="25" coveredstatements="23" conditionals="3" coveredconditionals="3" methods="14" coveredmethods="13" elements="42" coveredelements="39" complexity="0" loc="25" ncloc="25" packages="3" files="4" classes="4"/>
    <package name="src">
      <metrics statements="3" coveredstatements="3" conditionals="0" coveredconditionals="0" methods="2" coveredmethods="2"/>
      <file name="App.tsx" path="C:/Users/danie/OneDrive/Skrivbord/Skola/Testning/pick-a-pic/src/App.tsx">
        <metrics statements="3" coveredstatements="3" conditionals="0" coveredconditionals="0" methods="2" coveredmethods="2"/>
        <line num="7" count="4" type="stmt"/>
        <line num="9" count="4" type="stmt"/>
        <line num="10" count="3" type="stmt"/>
      </file>
    </package>
    <package name="src.components">
      <metrics statements="21" coveredstatements="19" conditionals="3" coveredconditionals="3" methods="12" coveredmethods="11"/>
      <file name="PhotoFilter.tsx" path="C:/Users/danie/OneDrive/Skrivbord/Skola/Testning/pick-a-pic/src/components/PhotoFilter.tsx">
        <metrics statements="4" coveredstatements="4" conditionals="0" coveredconditionals="0" methods="3" coveredmethods="3"/>
        <line num="7" count="1" type="stmt"/>
        <line num="21" count="4" type="stmt"/>
        <line num="22" count="3" type="stmt"/>
        <line num="38" count="3" type="stmt"/>
      </file>
      <file name="PhotoGallery.tsx" path="C:/Users/danie/OneDrive/Skrivbord/Skola/Testning/pick-a-pic/src/components/PhotoGallery.tsx">
        <metrics statements="17" coveredstatements="15" conditionals="3" coveredconditionals="3" methods="9" coveredmethods="8"/>
        <line num="10" count="1" type="stmt"/>
        <line num="11" count="4" type="stmt"/>
        <line num="12" count="120" type="stmt"/>
        <line num="13" count="438" type="stmt"/>
        <line num="14" count="120" type="stmt"/>
        <line num="17" count="1" type="stmt"/>
        <line num="18" count="6" type="stmt"/>
        <line num="19" count="6" type="stmt"/>
        <line num="21" count="6" type="stmt"/>
        <line num="22" count="1" type="stmt"/>
        <line num="23" count="1" type="stmt"/>
        <line num="26" count="6" type="stmt"/>
        <line num="27" count="0" type="stmt"/>
        <line num="28" count="0" type="stmt"/>
        <line num="32" count="6" type="cond" truecount="2" falsecount="0"/>
        <line num="34" count="60" type="stmt"/>
        <line num="50" count="1" type="stmt"/>
      </file>
    </package>
    <package name="src.data">
      <metrics statements="1" coveredstatements="1" conditionals="0" coveredconditionals="0" methods="0" coveredmethods="0"/>
      <file name="data.ts" path="C:/Users/danie/OneDrive/Skrivbord/Skola/Testning/pick-a-pic/src/data/data.ts">
        <metrics statements="1" coveredstatements="1" conditionals="0" coveredconditionals="0" methods="0" coveredmethods="0"/>
        <line num="8" count="1" type="stmt"/>
      </file>
    </package>
  </project>
</coverage>
