<?xml version="1.0" encoding="UTF-8"?>
<coverage generated="1723796393349" clover="3.2.0">
  <project timestamp="1723796393349" name="All files">
    <metrics statements="28" coveredstatements="26" conditionals="3" coveredconditionals="3" methods="15" coveredmethods="14" elements="46" coveredelements="43" complexity="0" loc="28" ncloc="28" packages="3" files="4" classes="4"/>
    <package name="src">
      <metrics statements="3" coveredstatements="3" conditionals="0" coveredconditionals="0" methods="2" coveredmethods="2"/>
      <file name="App.tsx" path="C:/Users/danie/OneDrive/Skrivbord/Skola/Testning/pick-a-pic/src/App.tsx">
        <metrics statements="3" coveredstatements="3" conditionals="0" coveredconditionals="0" methods="2" coveredmethods="2"/>
        <line num="7" count="3" type="stmt"/>
        <line num="9" count="3" type="stmt"/>
        <line num="10" count="2" type="stmt"/>
      </file>
    </package>
    <package name="src.components">
      <metrics statements="24" coveredstatements="22" conditionals="3" coveredconditionals="3" methods="13" coveredmethods="12"/>
      <file name="PhotoFilter.tsx" path="C:/Users/danie/OneDrive/Skrivbord/Skola/Testning/pick-a-pic/src/components/PhotoFilter.tsx">
        <metrics statements="4" coveredstatements="4" conditionals="0" coveredconditionals="0" methods="3" coveredmethods="3"/>
        <line num="7" count="2" type="stmt"/>
        <line num="21" count="4" type="stmt"/>
        <line num="22" count="2" type="stmt"/>
        <line num="38" count="2" type="stmt"/>
      </file>
      <file name="PhotoGallery.tsx" path="C:/Users/danie/OneDrive/Skrivbord/Skola/Testning/pick-a-pic/src/components/PhotoGallery.tsx">
        <metrics statements="20" coveredstatements="18" conditionals="3" coveredconditionals="3" methods="10" coveredmethods="9"/>
        <line num="10" count="2" type="stmt"/>
        <line num="11" count="3" type="stmt"/>
        <line num="12" count="90" type="stmt"/>
        <line num="13" count="329" type="stmt"/>
        <line num="14" count="90" type="stmt"/>
        <line num="17" count="2" type="stmt"/>
        <line num="18" count="11" type="stmt"/>
        <line num="19" count="11" type="stmt"/>
        <line num="20" count="11" type="stmt"/>
        <line num="22" count="11" type="stmt"/>
        <line num="23" count="5" type="cond" truecount="2" falsecount="0"/>
        <line num="24" count="3" type="stmt"/>
        <line num="26" count="60" type="stmt"/>
        <line num="30" count="11" type="stmt"/>
        <line num="31" count="1" type="stmt"/>
        <line num="32" count="1" type="stmt"/>
        <line num="35" count="11" type="stmt"/>
        <line num="36" count="0" type="stmt"/>
        <line num="37" count="0" type="stmt"/>
        <line num="54" count="1" type="stmt"/>
      </file>
    </package>
    <package name="src.data">
      <metrics statements="1" coveredstatements="1" conditionals="0" coveredconditionals="0" methods="0" coveredmethods="0"/>
      <file name="data.ts" path="C:/Users/danie/OneDrive/Skrivbord/Skola/Testning/pick-a-pic/src/data/data.ts">
        <metrics statements="1" coveredstatements="1" conditionals="0" coveredconditionals="0" methods="0" coveredmethods="0"/>
        <line num="8" count="2" type="stmt"/>
      </file>
    </package>
  </project>
</coverage>
