{"C:/Users/danie/OneDrive/Skrivbord/Skola/Testning/pick-a-pic/src/App.tsx": {"path":"C:/Users/danie/OneDrive/Skrivbord/Skola/Testning/pick-a-pic/src/App.tsx","statementMap":{"0":{"start":{"line":7,"column":32},"end":{"line":7,"column":null}},"1":{"start":{"line":9,"column":31},"end":{"line":11,"column":null}},"2":{"start":{"line":10,"column":6},"end":{"line":10,"column":null}}},"fnMap":{"0":{"name":"App","decl":{"start":{"line":6,"column":11},"end":{"line":6,"column":null}},"loc":{"start":{"line":6,"column":11},"end":{"line":20,"column":null}}},"1":{"name":"(anonymous_1)","decl":{"start":{"line":9,"column":31},"end":{"line":9,"column":32}},"loc":{"start":{"line":9,"column":32},"end":{"line":11,"column":null}}}},"branchMap":{},"s":{"0":4,"1":4,"2":3},"f":{"0":4,"1":3},"b":{}}
,"C:/Users/danie/OneDrive/Skrivbord/Skola/Testning/pick-a-pic/src/components/PhotoFilter.tsx": {"path":"C:/Users/danie/OneDrive/Skrivbord/Skola/Testning/pick-a-pic/src/components/PhotoFilter.tsx","statementMap":{"0":{"start":{"line":7,"column":16},"end":{"line":18,"column":null}},"1":{"start":{"line":21,"column":22},"end":{"line":23,"column":null}},"2":{"start":{"line":22,"column":4},"end":{"line":22,"column":null}},"3":{"start":{"line":38,"column":25},"end":{"line":38,"column":null}}},"fnMap":{"0":{"name":"PhotoFilter","decl":{"start":{"line":20,"column":9},"end":{"line":20,"column":21}},"loc":{"start":{"line":20,"column":57},"end":{"line":55,"column":null}}},"1":{"name":"(anonymous_1)","decl":{"start":{"line":21,"column":22},"end":{"line":21,"column":23}},"loc":{"start":{"line":21,"column":23},"end":{"line":23,"column":null}}},"2":{"name":"(anonymous_3)","decl":{"start":{"line":38,"column":19},"end":{"line":38,"column":25}},"loc":{"start":{"line":38,"column":25},"end":{"line":38,"column":null}}}},"branchMap":{},"s":{"0":1,"1":4,"2":3,"3":3},"f":{"0":4,"1":3,"2":3},"b":{}}
,"C:/Users/danie/OneDrive/Skrivbord/Skola/Testning/pick-a-pic/src/components/PhotoGallery.tsx": {"path":"C:/Users/danie/OneDrive/Skrivbord/Skola/Testning/pick-a-pic/src/components/PhotoGallery.tsx","statementMap":{"0":{"start":{"line":10,"column":21},"end":{"line":15,"column":null}},"1":{"start":{"line":11,"column":2},"end":{"line":14,"column":null}},"2":{"start":{"line":12,"column":20},"end":{"line":12,"column":null}},"3":{"start":{"line":13,"column":20},"end":{"line":13,"column":35}},"4":{"start":{"line":14,"column":23},"end":{"line":14,"column":null}},"5":{"start":{"line":17,"column":50},"end":{"line":99,"column":null}},"6":{"start":{"line":18,"column":26},"end":{"line":18,"column":null}},"7":{"start":{"line":19,"column":44},"end":{"line":19,"column":null}},"8":{"start":{"line":20,"column":46},"end":{"line":20,"column":null}},"9":{"start":{"line":22,"column":2},"end":{"line":28,"column":null}},"10":{"start":{"line":23,"column":4},"end":{"line":27,"column":null}},"11":{"start":{"line":24,"column":6},"end":{"line":24,"column":null}},"12":{"start":{"line":26,"column":6},"end":{"line":26,"column":null}},"13":{"start":{"line":26,"column":49},"end":{"line":26,"column":null}},"14":{"start":{"line":30,"column":21},"end":{"line":33,"column":null}},"15":{"start":{"line":31,"column":4},"end":{"line":31,"column":null}},"16":{"start":{"line":32,"column":4},"end":{"line":32,"column":null}},"17":{"start":{"line":35,"column":22},"end":{"line":38,"column":null}},"18":{"start":{"line":36,"column":4},"end":{"line":36,"column":null}},"19":{"start":{"line":37,"column":4},"end":{"line":37,"column":null}},"20":{"start":{"line":54,"column":29},"end":{"line":54,"column":null}}},"fnMap":{"0":{"name":"(anonymous_0)","decl":{"start":{"line":10,"column":21},"end":{"line":10,"column":22}},"loc":{"start":{"line":10,"column":22},"end":{"line":15,"column":null}}},"1":{"name":"(anonymous_1)","decl":{"start":{"line":12,"column":9},"end":{"line":12,"column":10}},"loc":{"start":{"line":12,"column":20},"end":{"line":12,"column":null}}},"2":{"name":"(anonymous_2)","decl":{"start":{"line":13,"column":10},"end":{"line":13,"column":11}},"loc":{"start":{"line":13,"column":20},"end":{"line":13,"column":35}}},"3":{"name":"(anonymous_3)","decl":{"start":{"line":14,"column":9},"end":{"line":14,"column":10}},"loc":{"start":{"line":14,"column":23},"end":{"line":14,"column":null}}},"4":{"name":"(anonymous_4)","decl":{"start":{"line":17,"column":50},"end":{"line":17,"column":51}},"loc":{"start":{"line":17,"column":61},"end":{"line":99,"column":null}}},"5":{"name":"(anonymous_5)","decl":{"start":{"line":22,"column":12},"end":{"line":22,"column":null}},"loc":{"start":{"line":22,"column":12},"end":{"line":28,"column":5}}},"6":{"name":"(anonymous_6)","decl":{"start":{"line":26,"column":38},"end":{"line":26,"column":39}},"loc":{"start":{"line":26,"column":49},"end":{"line":26,"column":null}}},"7":{"name":"(anonymous_7)","decl":{"start":{"line":30,"column":21},"end":{"line":30,"column":22}},"loc":{"start":{"line":30,"column":22},"end":{"line":33,"column":null}}},"8":{"name":"(anonymous_8)","decl":{"start":{"line":35,"column":22},"end":{"line":35,"column":null}},"loc":{"start":{"line":35,"column":22},"end":{"line":38,"column":null}}},"9":{"name":"(anonymous_10)","decl":{"start":{"line":54,"column":23},"end":{"line":54,"column":29}},"loc":{"start":{"line":54,"column":29},"end":{"line":54,"column":null}}}},"branchMap":{"0":{"loc":{"start":{"line":23,"column":4},"end":{"line":27,"column":null}},"type":"if","locations":[{"start":{"line":23,"column":4},"end":{"line":27,"column":null}},{"start":{"line":25,"column":11},"end":{"line":27,"column":null}}]},"1":{"loc":{"start":{"line":83,"column":11},"end":{"line":83,"column":null}},"type":"binary-expr","locations":[{"start":{"line":83,"column":11},"end":{"line":83,"column":null}}]}},"s":{"0":2,"1":4,"2":120,"3":444,"4":120,"5":2,"6":15,"7":15,"8":15,"9":15,"10":7,"11":4,"12":3,"13":90,"14":15,"15":1,"16":1,"17":15,"18":0,"19":0,"20":1},"f":{"0":4,"1":120,"2":444,"3":120,"4":15,"5":7,"6":90,"7":1,"8":0,"9":1},"b":{"0":[4,3],"1":[15]}}
,"C:/Users/danie/OneDrive/Skrivbord/Skola/Testning/pick-a-pic/src/data/data.ts": {"path":"C:/Users/danie/OneDrive/Skrivbord/Skola/Testning/pick-a-pic/src/data/data.ts","statementMap":{"0":{"start":{"line":8,"column":31},"end":{"line":189,"column":2}}},"fnMap":{},"branchMap":{},"s":{"0":2},"f":{},"b":{}}
}
