{"C:/Users/danie/OneDrive/Skrivbord/Skola/Testning/pick-a-pic/src/App.tsx": {"path":"C:/Users/danie/OneDrive/Skrivbord/Skola/Testning/pick-a-pic/src/App.tsx","statementMap":{"0":{"start":{"line":7,"column":30},"end":{"line":7,"column":null}},"1":{"start":{"line":9,"column":29},"end":{"line":11,"column":null}},"2":{"start":{"line":10,"column":4},"end":{"line":10,"column":null}}},"fnMap":{"0":{"name":"App","decl":{"start":{"line":6,"column":9},"end":{"line":6,"column":null}},"loc":{"start":{"line":6,"column":9},"end":{"line":20,"column":null}}},"1":{"name":"(anonymous_1)","decl":{"start":{"line":9,"column":29},"end":{"line":9,"column":30}},"loc":{"start":{"line":9,"column":30},"end":{"line":11,"column":null}}}},"branchMap":{},"s":{"0":4,"1":4,"2":3},"f":{"0":4,"1":3},"b":{}}
,"C:/Users/danie/OneDrive/Skrivbord/Skola/Testning/pick-a-pic/src/components/PhotoFilter.tsx": {"path":"C:/Users/danie/OneDrive/Skrivbord/Skola/Testning/pick-a-pic/src/components/PhotoFilter.tsx","statementMap":{"0":{"start":{"line":7,"column":16},"end":{"line":18,"column":null}},"1":{"start":{"line":21,"column":22},"end":{"line":23,"column":null}},"2":{"start":{"line":22,"column":4},"end":{"line":22,"column":null}},"3":{"start":{"line":38,"column":25},"end":{"line":38,"column":null}}},"fnMap":{"0":{"name":"PhotoFilter","decl":{"start":{"line":20,"column":9},"end":{"line":20,"column":21}},"loc":{"start":{"line":20,"column":57},"end":{"line":55,"column":null}}},"1":{"name":"(anonymous_1)","decl":{"start":{"line":21,"column":22},"end":{"line":21,"column":23}},"loc":{"start":{"line":21,"column":23},"end":{"line":23,"column":null}}},"2":{"name":"(anonymous_3)","decl":{"start":{"line":38,"column":19},"end":{"line":38,"column":25}},"loc":{"start":{"line":38,"column":25},"end":{"line":38,"column":null}}}},"branchMap":{},"s":{"0":2,"1":5,"2":3,"3":3},"f":{"0":5,"1":3,"2":3},"b":{}}
,"C:/Users/danie/OneDrive/Skrivbord/Skola/Testning/pick-a-pic/src/components/PhotoGallery.tsx": {"path":"C:/Users/danie/OneDrive/Skrivbord/Skola/Testning/pick-a-pic/src/components/PhotoGallery.tsx","statementMap":{"0":{"start":{"line":10,"column":21},"end":{"line":15,"column":null}},"1":{"start":{"line":11,"column":2},"end":{"line":14,"column":null}},"2":{"start":{"line":12,"column":20},"end":{"line":12,"column":null}},"3":{"start":{"line":13,"column":20},"end":{"line":13,"column":35}},"4":{"start":{"line":14,"column":23},"end":{"line":14,"column":null}},"5":{"start":{"line":17,"column":50},"end":{"line":43,"column":null}},"6":{"start":{"line":19,"column":4},"end":{"line":21,"column":null}},"7":{"start":{"line":21,"column":33},"end":{"line":21,"column":null}}},"fnMap":{"0":{"name":"(anonymous_0)","decl":{"start":{"line":10,"column":21},"end":{"line":10,"column":22}},"loc":{"start":{"line":10,"column":22},"end":{"line":15,"column":null}}},"1":{"name":"(anonymous_1)","decl":{"start":{"line":12,"column":9},"end":{"line":12,"column":10}},"loc":{"start":{"line":12,"column":20},"end":{"line":12,"column":null}}},"2":{"name":"(anonymous_2)","decl":{"start":{"line":13,"column":10},"end":{"line":13,"column":11}},"loc":{"start":{"line":13,"column":20},"end":{"line":13,"column":35}}},"3":{"name":"(anonymous_3)","decl":{"start":{"line":14,"column":9},"end":{"line":14,"column":10}},"loc":{"start":{"line":14,"column":23},"end":{"line":14,"column":null}}},"4":{"name":"(anonymous_4)","decl":{"start":{"line":17,"column":50},"end":{"line":17,"column":51}},"loc":{"start":{"line":17,"column":61},"end":{"line":43,"column":null}}},"5":{"name":"(anonymous_5)","decl":{"start":{"line":21,"column":22},"end":{"line":21,"column":23}},"loc":{"start":{"line":21,"column":33},"end":{"line":21,"column":null}}}},"branchMap":{"0":{"loc":{"start":{"line":19,"column":4},"end":{"line":21,"column":null}},"type":"cond-expr","locations":[{"start":{"line":20,"column":8},"end":{"line":20,"column":null}},{"start":{"line":21,"column":8},"end":{"line":21,"column":null}}]}},"s":{"0":1,"1":2,"2":60,"3":215,"4":60,"5":1,"6":4,"7":60},"f":{"0":2,"1":60,"2":215,"3":60,"4":4,"5":60},"b":{"0":[2,2]}}
,"C:/Users/danie/OneDrive/Skrivbord/Skola/Testning/pick-a-pic/src/data/data.ts": {"path":"C:/Users/danie/OneDrive/Skrivbord/Skola/Testning/pick-a-pic/src/data/data.ts","statementMap":{"0":{"start":{"line":7,"column":31},"end":{"line":158,"column":2}}},"fnMap":{},"branchMap":{},"s":{"0":1},"f":{},"b":{}}
}
